JOIN, PART, PRIVMSG, KICK, TOPIC, QUIT, NICK, USER, PASS, INVITE, UNKNOWN


JOIN: 
	ERR_NEEDMOREPARAMS (461) : <command> :<reason> 
	ERR_NOSUCHCHANNEL (403) : <channel> :<reason>
	ERR_TOOMANYCHANNELS (405) : <channel> :<reason>
	ERR_BADCHANNELKEY (475) : <channel> :<reason>
	ERR_BANNEDFROMCHAN (474) : <channel> :<reason>
	ERR_CHANNELISFULL (471) : <channel> :<reason>
	ERR_INVITEONLYCHAN (473) : <channel> :<reason>
	ERR_BADCHANMASK (476) : <channel> :<reason>
	RPL_TOPIC (332) : <channel> :<topic>
	RPL_TOPICWHOTIME (333) : time of creation of this topic
	RPL_ENDOFNAMES (366) : <channel> :<info>

PART:
	ERR_NEEDMOREPARAMS (461)
	ERR_NOSUCHCHANNEL (403)
	ERR_NOTONCHANNEL (442)
	PRIVMSG
	ERR_NOSUCHNICK (401)
	ERR_NOSUCHSERVER (402)
	ERR_CANNOTSENDTOCHAN (404)
	ERR_TOOMANYTARGETS (407)
	ERR_NORECIPIENT (411)
	ERR_NOTEXTTOSEND (412)
	ERR_NOTOPLEVEL (413)
	ERR_WILDTOPLEVEL (414)
	RPL_AWAY (301)